<?xml version="1.0" encoding="UTF-8"?>
<testng-results ignored="0" total="2" passed="2" failed="0" skipped="0">
  <reporter-output>
  </reporter-output>
  <suite started-at="2025-10-27T15:44:09 IST" name="Suite" finished-at="2025-10-27T15:44:49 IST" duration-ms="39860">
    <groups>
    </groups>
    <test started-at="2025-10-27T15:44:09 IST" name="Test" finished-at="2025-10-27T15:44:49 IST" duration-ms="39860">
      <class name="Base.LoginTest">
        <test-method is-config="true" signature="setup()[pri:0, instance:Base.LoginTest@4bff7da0]" started-at="2025-10-27T15:44:09 IST" name="setup" finished-at="2025-10-27T15:44:32 IST" duration-ms="22847" status="PASS">
          <reporter-output>
          </reporter-output>
        </test-method> <!-- setup -->
        <test-method signature="validLoginTest()[pri:1, instance:Base.LoginTest@4bff7da0]" started-at="2025-10-27T15:44:32 IST" name="validLoginTest" finished-at="2025-10-27T15:44:36 IST" duration-ms="3965" status="PASS">
          <reporter-output>
          </reporter-output>
        </test-method> <!-- validLoginTest -->
        <test-method is-config="true" signature="tearDown()[pri:0, instance:Base.LoginTest@4bff7da0]" started-at="2025-10-27T15:44:36 IST" name="tearDown" finished-at="2025-10-27T15:44:38 IST" duration-ms="1762" status="PASS">
          <reporter-output>
          </reporter-output>
        </test-method> <!-- tearDown -->
        <test-method is-config="true" signature="setup()[pri:0, instance:Base.LoginTest@4bff7da0]" started-at="2025-10-27T15:44:38 IST" name="setup" finished-at="2025-10-27T15:44:46 IST" duration-ms="7875" status="PASS">
          <reporter-output>
          </reporter-output>
        </test-method> <!-- setup -->
        <test-method signature="invalidLoginTest()[pri:2, instance:Base.LoginTest@4bff7da0]" started-at="2025-10-27T15:44:46 IST" name="invalidLoginTest" finished-at="2025-10-27T15:44:47 IST" duration-ms="1570" status="PASS">
          <reporter-output>
          </reporter-output>
        </test-method> <!-- invalidLoginTest -->
        <test-method is-config="true" signature="tearDown()[pri:0, instance:Base.LoginTest@4bff7da0]" started-at="2025-10-27T15:44:47 IST" name="tearDown" finished-at="2025-10-27T15:44:49 IST" duration-ms="1318" status="PASS">
          <reporter-output>
          </reporter-output>
        </test-method> <!-- tearDown -->
      </class> <!-- Base.LoginTest -->
    </test> <!-- Test -->
  </suite> <!-- Suite -->
</testng-results>
